<?xml version="1.0" encoding="UTF-8"?>
<!-- Generated by org.testng.reporters.JUnitReportReporter -->
<testsuite skipped="0" hostname="DESKTOP-H52ER5F" name="restassuredproject.demo" tests="5" failures="0" timestamp="2022-01-12T22:15:55 IST" time="24.427" errors="0">
  <testcase name="login" time="11.256" classname="restassuredproject.demo"/>
  <system-out/>
  <testcase name="get" time="7.270" classname="restassuredproject.demo"/>
  <system-out/>
  <testcase name="create" time="1.990" classname="restassuredproject.demo"/>
  <system-out/>
  <testcase name="productid" time="1.933" classname="restassuredproject.demo"/>
  <system-out/>
  <testcase name="updateid" time="1.978" classname="restassuredproject.demo"/>
  <system-out/>
</testsuite> <!-- restassuredproject.demo -->
